<?xml version="1.0" encoding="UTF-8"?>
<!-- Generated by org.testng.reporters.JUnitReportReporter -->
<testsuite hostname="LAPTOP-3A1JBNL3" name="Calculator_NataliiaZ.CalculatorTest" tests="19" failures="0" timestamp="19 Dec 2018 22:01:56 GMT" time="0.015" errors="0">
  <testcase name="testSubtraction" time="0.000" classname="Calculator_NataliiaZ.CalculatorTest"/>
  <testcase name="testPower2" time="0.000" classname="Calculator_NataliiaZ.CalculatorTest"/>
  <testcase name="testDivision" time="0.001" classname="Calculator_NataliiaZ.CalculatorTest"/>
  <testcase name="testAbs" time="0.000" classname="Calculator_NataliiaZ.CalculatorTest"/>
  <testcase name="testPower3" time="0.001" classname="Calculator_NataliiaZ.CalculatorTest"/>
  <testcase name="testMultiplication" time="0.000" classname="Calculator_NataliiaZ.CalculatorTest"/>
  <testcase name="testZeroSqrt" time="0.000" classname="Calculator_NataliiaZ.CalculatorTest"/>
  <testcase name="testZeroProcent" time="0.000" classname="Calculator_NataliiaZ.CalculatorTest"/>
  <testcase name="testZeroSubtraction" time="0.000" classname="Calculator_NataliiaZ.CalculatorTest"/>
  <testcase name="testZeroPower3" time="0.000" classname="Calculator_NataliiaZ.CalculatorTest"/>
  <testcase name="testZeroPower2" time="0.010" classname="Calculator_NataliiaZ.CalculatorTest"/>
  <testcase name="testRnd" time="0.001" classname="Calculator_NataliiaZ.CalculatorTest"/>
  <testcase name="testZeroAbs" time="0.000" classname="Calculator_NataliiaZ.CalculatorTest"/>
  <testcase name="testProcent" time="0.001" classname="Calculator_NataliiaZ.CalculatorTest"/>
  <testcase name="testSqrt" time="0.000" classname="Calculator_NataliiaZ.CalculatorTest"/>
  <testcase name="testAddition" time="0.000" classname="Calculator_NataliiaZ.CalculatorTest"/>
  <testcase name="testZeroMultiplication" time="0.001" classname="Calculator_NataliiaZ.CalculatorTest"/>
  <testcase name="testZeroAddition" time="0.000" classname="Calculator_NataliiaZ.CalculatorTest"/>
  <testcase name="testZeroDivision" time="0.000" classname="Calculator_NataliiaZ.CalculatorTest"/>
</testsuite> <!-- Calculator_NataliiaZ.CalculatorTest -->
